2019-10-30 00:05:40,204-[TS] INFO qtp1357563986-23 com.file.server.filter.PermissionFilter - 过滤器测试成功！
2019-10-30 00:05:40,207-[TS] INFO qtp1357563986-23 com.file.server.servlet.FileListServlet - 调用server FileList请求
2019-10-30 00:08:06,476-[TS] INFO qtp1357563986-24 com.file.server.filter.PermissionFilter - 过滤器测试成功！
2019-10-30 00:08:06,477-[TS] INFO qtp1357563986-24 com.file.server.servlet.FileServlet - 调用server FileServlet请求 上传文件
2019-10-30 00:08:06,495-[TS] INFO qtp1357563986-24 com.file.server.servlet.FileServlet - 英语1.png
2019-10-30 00:08:06,515-[TS] INFO qtp1357563986-22 com.file.server.filter.PermissionFilter - 过滤器测试成功！
2019-10-30 00:08:06,516-[TS] INFO qtp1357563986-22 com.file.server.servlet.FileListServlet - 调用server FileList请求
2019-10-30 00:10:27,011-[TS] INFO qtp1357563986-21 com.file.server.filter.PermissionFilter - 过滤器测试成功！
2019-10-30 00:10:27,012-[TS] INFO qtp1357563986-21 com.file.server.servlet.FileListServlet - 调用server FileList请求
2019-10-30 00:11:40,122-[TS] INFO main com.file.server.filter.PermissionFilter - filter初始化成功！
2019-10-30 09:41:59,548-[TS] INFO main com.file.server.filter.PermissionFilter - filter初始化成功！
2019-10-30 09:43:04,447-[TS] INFO qtp168366-22 com.file.server.filter.PermissionFilter - 过滤器测试成功！
2019-10-30 09:43:04,722-[TS] INFO qtp168366-22 com.file.server.servlet.FileListServlet - 调用server FileList请求
2019-10-30 09:44:54,904-[TS] INFO qtp168366-23 com.file.server.filter.PermissionFilter - 过滤器测试成功！
2019-10-30 09:47:12,594-[TS] INFO qtp168366-21 com.file.server.filter.PermissionFilter - 过滤器测试成功！
2019-10-30 09:47:12,595-[TS] INFO qtp168366-21 com.file.server.servlet.FileListServlet - 调用server FileList请求
2019-10-30 09:47:12,601-[TS] INFO qtp168366-23 com.file.server.filter.PermissionFilter - 过滤器测试成功！
2019-10-30 09:47:12,601-[TS] INFO qtp168366-23 com.file.server.servlet.FileListServlet - 调用server FileList请求
2019-10-30 09:47:56,330-[TS] INFO qtp168366-22 com.file.server.filter.PermissionFilter - 过滤器测试成功！
2019-10-30 09:47:56,331-[TS] INFO qtp168366-22 com.file.server.servlet.FileServlet - 调用server FileServlet请求 上传文件
2019-10-30 09:47:56,343-[TS] INFO qtp168366-22 com.file.server.servlet.FileServlet - 杰伦.jpg
2019-10-30 09:47:56,793-[TS] INFO qtp168366-23 com.file.server.filter.PermissionFilter - 过滤器测试成功！
2019-10-30 09:47:56,794-[TS] INFO qtp168366-23 com.file.server.servlet.FileListServlet - 调用server FileList请求
2019-10-30 09:48:32,922-[TS] INFO qtp168366-21 com.file.server.filter.PermissionFilter - 过滤器测试成功！
2019-10-30 09:48:32,923-[TS] INFO qtp168366-21 com.file.server.servlet.FileServlet - 调用server FileServlet请求 上传文件
2019-10-30 09:48:32,928-[TS] INFO qtp168366-21 com.file.server.servlet.FileServlet - 学习.png
2019-10-30 09:48:32,945-[TS] INFO qtp168366-24 com.file.server.filter.PermissionFilter - 过滤器测试成功！
2019-10-30 09:48:32,946-[TS] INFO qtp168366-24 com.file.server.servlet.FileListServlet - 调用server FileList请求
2019-10-30 09:49:14,422-[TS] INFO qtp168366-24 com.file.server.filter.PermissionFilter - 过滤器测试成功！
2019-10-30 09:49:14,423-[TS] INFO qtp168366-24 com.file.server.servlet.FileServlet - 调用server FileServlet请求 上传文件
2019-10-30 09:49:14,435-[TS] INFO qtp168366-24 com.file.server.servlet.FileServlet - 狗狗.jpg
2019-10-30 09:49:14,451-[TS] INFO qtp168366-22 com.file.server.filter.PermissionFilter - 过滤器测试成功！
2019-10-30 09:49:14,452-[TS] INFO qtp168366-22 com.file.server.servlet.FileListServlet - 调用server FileList请求
2019-10-30 10:23:50,084-[TS] INFO main com.file.server.filter.PermissionFilter - filter初始化成功！
2019-10-30 10:24:33,825-[TS] INFO qtp1642030774-24 com.file.server.filter.PermissionFilter - 过滤器测试成功！
2019-10-30 10:24:33,828-[TS] INFO qtp1642030774-24 com.file.server.servlet.FileListServlet - 调用server FileList请求
2019-10-30 10:26:07,587-[TS] INFO qtp1642030774-23 com.file.server.filter.PermissionFilter - 过滤器测试成功！
2019-10-30 10:26:07,589-[TS] INFO qtp1642030774-23 com.file.server.servlet.FileServlet - 调用server FileServlet请求 上传文件
2019-10-30 10:26:07,633-[TS] INFO qtp1642030774-23 com.file.server.servlet.FileServlet - 星空.jpg
2019-10-30 10:26:08,007-[TS] INFO qtp1642030774-22 com.file.server.filter.PermissionFilter - 过滤器测试成功！
2019-10-30 10:26:08,008-[TS] INFO qtp1642030774-22 com.file.server.servlet.FileListServlet - 调用server FileList请求
2019-10-30 10:59:22,615-[TS] INFO qtp1642030774-23 com.file.server.filter.PermissionFilter - 过滤器测试成功！
2019-10-30 11:06:12,005-[TS] INFO qtp1642030774-23 com.file.server.filter.PermissionFilter - 过滤器测试成功！
2019-10-30 11:06:12,007-[TS] INFO qtp1642030774-23 com.file.server.servlet.FileServlet - 调用server FileServlet请求 上传文件
2019-10-30 11:06:12,009-[TS] INFO qtp1642030774-23 com.file.server.servlet.FileServlet - aopalliance-1.0.jar
2019-10-30 11:06:12,027-[TS] INFO qtp1642030774-22 com.file.server.filter.PermissionFilter - 过滤器测试成功！
2019-10-30 11:06:12,028-[TS] INFO qtp1642030774-22 com.file.server.servlet.FileListServlet - 调用server FileList请求
2019-10-30 11:07:00,757-[TS] INFO qtp1642030774-24 com.file.server.filter.PermissionFilter - 过滤器测试成功！
2019-10-30 11:07:00,758-[TS] INFO qtp1642030774-24 com.file.server.servlet.FileServlet - 调用server FileServlet请求 上传文件
2019-10-30 11:07:00,762-[TS] INFO qtp1642030774-24 com.file.server.servlet.FileServlet - maven-metadata-local.xml
2019-10-30 11:07:00,781-[TS] INFO qtp1642030774-23 com.file.server.filter.PermissionFilter - 过滤器测试成功！
2019-10-30 11:07:00,782-[TS] INFO qtp1642030774-23 com.file.server.servlet.FileListServlet - 调用server FileList请求
2019-10-30 11:17:54,593-[TS] INFO qtp1642030774-23 com.file.server.filter.PermissionFilter - 过滤器测试成功！
2019-10-30 11:17:54,595-[TS] INFO qtp1642030774-23 com.file.server.servlet.FileServlet - 调用server FileServlet请求 上传文件
2019-10-30 11:17:54,697-[TS] INFO qtp1642030774-23 com.file.server.servlet.FileServlet - 有限角度CT图像重建迭代算法研究_郭静钰.caj
2019-10-30 11:17:54,752-[TS] INFO qtp1642030774-21 com.file.server.filter.PermissionFilter - 过滤器测试成功！
2019-10-30 11:17:54,753-[TS] INFO qtp1642030774-21 com.file.server.servlet.FileListServlet - 调用server FileList请求
2019-10-30 11:19:27,977-[TS] INFO qtp1642030774-21 com.file.server.filter.PermissionFilter - 过滤器测试成功！
2019-10-30 11:19:27,978-[TS] INFO qtp1642030774-21 com.file.server.servlet.FileListServlet - 调用server FileList请求
2019-10-30 11:24:27,042-[TS] INFO qtp1642030774-24 com.file.server.filter.PermissionFilter - 过滤器测试成功！
2019-10-30 11:24:27,044-[TS] INFO qtp1642030774-24 com.file.server.servlet.FileListServlet - 调用server FileList请求
2019-10-30 11:24:27,050-[TS] INFO qtp1642030774-23 com.file.server.filter.PermissionFilter - 过滤器测试成功！
2019-10-30 11:24:27,051-[TS] INFO qtp1642030774-23 com.file.server.servlet.FileListServlet - 调用server FileList请求
2019-10-30 11:48:46,566-[TS] INFO main com.file.server.filter.PermissionFilter - filter初始化成功！
2019-10-30 11:55:04,164-[TS] INFO qtp384587033-22 com.file.server.filter.PermissionFilter - 过滤器测试成功！
2019-10-30 14:23:01,728-[TS] INFO main com.file.server.filter.PermissionFilter - filter初始化成功！
2019-10-30 14:23:48,022-[TS] INFO qtp607932305-21 com.file.server.filter.PermissionFilter - 过滤器测试成功！
2019-10-30 14:23:48,026-[TS] INFO qtp607932305-21 com.file.server.servlet.FileListServlet - 调用server FileList请求
2019-10-30 14:24:40,189-[TS] INFO qtp607932305-22 com.file.server.filter.PermissionFilter - 过滤器测试成功！
2019-10-30 14:24:40,190-[TS] INFO qtp607932305-22 com.file.server.servlet.FileServlet - 调用server FileServlet请求 上传文件
2019-10-30 14:24:40,223-[TS] INFO qtp607932305-22 com.file.server.servlet.FileServlet - 语法分析之 LL1分析法实现.7z.zip
2019-10-30 14:24:40,323-[TS] INFO qtp607932305-24 com.file.server.filter.PermissionFilter - 过滤器测试成功！
2019-10-30 14:24:40,324-[TS] INFO qtp607932305-24 com.file.server.servlet.FileListServlet - 调用server FileList请求
2019-10-30 15:01:22,762-[TS] INFO main com.file.server.filter.PermissionFilter - filter初始化成功！
2019-10-30 15:01:58,499-[TS] INFO qtp1357563986-23 com.file.server.filter.PermissionFilter - 过滤器测试成功！
2019-10-30 15:01:58,504-[TS] INFO qtp1357563986-23 com.file.server.servlet.FileListServlet - 调用server FileList请求
2019-10-30 15:09:17,482-[TS] INFO qtp1357563986-21 com.file.server.filter.PermissionFilter - 过滤器测试成功！
2019-10-30 15:09:17,483-[TS] INFO qtp1357563986-21 com.file.server.servlet.FileListServlet - 调用server FileList请求
2019-10-30 15:16:24,274-[TS] INFO qtp1357563986-24 com.file.server.filter.PermissionFilter - 过滤器测试成功！
2019-10-30 15:16:24,275-[TS] INFO qtp1357563986-24 com.file.server.servlet.FileListServlet - 调用server FileList请求
2019-10-30 15:19:25,328-[TS] INFO qtp1357563986-23 com.file.server.filter.PermissionFilter - 过滤器测试成功！
2019-10-30 15:19:25,330-[TS] INFO qtp1357563986-23 com.file.server.servlet.FileListServlet - 调用server FileList请求
2019-10-30 15:19:30,462-[TS] INFO qtp1357563986-21 com.file.server.filter.PermissionFilter - 过滤器测试成功！
2019-10-30 15:19:30,463-[TS] INFO qtp1357563986-21 com.file.server.servlet.FileListServlet - 调用server FileList请求
2019-10-30 15:20:19,311-[TS] INFO qtp1357563986-23 com.file.server.filter.PermissionFilter - 过滤器测试成功！
2019-10-30 15:20:19,312-[TS] INFO qtp1357563986-23 com.file.server.servlet.FileListServlet - 调用server FileList请求
2019-10-30 15:21:55,555-[TS] INFO qtp1357563986-23 com.file.server.filter.PermissionFilter - 过滤器测试成功！
2019-10-30 15:21:55,557-[TS] INFO qtp1357563986-23 com.file.server.servlet.FileListServlet - 调用server FileList请求
2019-10-30 15:22:41,822-[TS] INFO qtp1357563986-22 com.file.server.filter.PermissionFilter - 过滤器测试成功！
2019-10-30 15:22:41,824-[TS] INFO qtp1357563986-22 com.file.server.servlet.FileListServlet - 调用server FileList请求
2019-10-30 15:24:52,452-[TS] INFO main com.file.server.filter.PermissionFilter - filter初始化成功！
2019-10-30 15:25:39,060-[TS] INFO qtp168366-20 com.file.server.filter.PermissionFilter - 过滤器测试成功！
2019-10-30 15:25:39,063-[TS] INFO qtp168366-20 com.file.server.servlet.FileListServlet - 调用server FileList请求
